#
# There is insufficient memory for the Java Runtime Environment to continue.
# Native memory allocation (mmap) failed to map 199229440 bytes for G1 virtual space
# Possible reasons:
#   The system is out of physical RAM or swap space
#   The process is running with CompressedOops enabled, and the Java Heap may be blocking the growth of the native heap
# Possible solutions:
#   Reduce memory load on the system
#   Increase physical memory or swap space
#   Check if swap backing store is full
#   Decrease Java heap size (-Xmx/-Xms)
#   Decrease number of Java threads
#   Decrease Java thread stack sizes (-Xss)
#   Set larger code cache with -XX:ReservedCodeCacheSize=
#   JVM is running with Zero Based Compressed Oops mode in which the Java heap is
#     placed in the first 32GB address space. The Java Heap base address is the
#     maximum limit for the native heap growth. Please use -XX:HeapBaseMinAddress
#     to set the Java Heap base and to place the Java Heap above 32GB virtual address.
# This output file may be truncated or incomplete.
#
#  Out of Memory Error (./open/src/hotspot/os/windows/os_windows.cpp:3472), pid=4824, tid=19504
#
# JRE version:  (15.0+36) (build )
# Java VM: OpenJDK 64-Bit Server VM (15+36-1562, mixed mode, sharing, tiered, compressed oops, g1 gc, windows-amd64)
# No core dump will be written. Minidumps are not enabled by default on client versions of Windows
#

---------------  S U M M A R Y ------------

Command Line: -Dfile.encoding=Cp1252 -XX:+ShowCodeDetailsInExceptionMessages com.revature.driver.Driver

Host: Intel(R) Core(TM) i7-7500U CPU @ 2.70GHz, 4 cores, 11G,  Windows 10 , 64 bit Build 19041 (10.0.19041.546)
Time: Sun Nov 15 05:03:20 2020 Central Standard Time elapsed time: 0.031496 seconds (0d 0h 0m 0s)

---------------  T H R E A D  ---------------

Current thread (0x00000225d03e3c70):  JavaThread "Unknown thread" [_thread_in_vm, id=19504, stack(0x000000f1ef700000,0x000000f1ef800000)]

Stack: [0x000000f1ef700000,0x000000f1ef800000]
Native frames: (J=compiled Java code, j=interpreted, Vv=VM code, C=native code)
V  [jvm.dll+0x629eaa]
V  [jvm.dll+0x780379]
V  [jvm.dll+0x781ad3]
V  [jvm.dll+0x782133]
V  [jvm.dll+0x2159d5]
V  [jvm.dll+0x627299]
V  [jvm.dll+0x61bdd5]
V  [jvm.dll+0x2cf96d]
V  [jvm.dll+0x2cf7d2]
V  [jvm.dll+0x2d57ac]
V  [jvm.dll+0x32523a]
V  [jvm.dll+0x324904]
V  [jvm.dll+0x2a68ea]
V  [jvm.dll+0x2a7a88]
V  [jvm.dll+0x75d0f1]
V  [jvm.dll+0x333af4]
V  [jvm.dll+0x73d816]
V  [jvm.dll+0x3b68e7]
V  [jvm.dll+0x3b8371]
C  [jli.dll+0x52fb]
C  [ucrtbase.dll+0x214c2]
C  [KERNEL32.DLL+0x17034]
C  [ntdll.dll+0x4cec1]


---------------  P R O C E S S  ---------------

Threads class SMR info:
_java_thread_list=0x00007ffe91bc2fa0, length=0, elements={
}

Java Threads: ( => current thread )

Other Threads:
  0x00000225d042a0c0 GCTaskThread "GC Thread#0" [stack: 0x000000f1ef800000,0x000000f1ef900000] [id=20100]
  0x00000225d0437190 ConcurrentGCThread "G1 Main Marker" [stack: 0x000000f1ef900000,0x000000f1efa00000] [id=16280]
  0x00000225d0437e00 ConcurrentGCThread "G1 Conc#0" [stack: 0x000000f1efa00000,0x000000f1efb00000] [id=22432]

[error occurred during error reporting (printing all threads), id 0xc0000005, EXCEPTION_ACCESS_VIOLATION (0xc0000005) at pc=0x00007ffe913b77b7]

VM state: not at safepoint (not fully initialized)

VM Mutex/Monitor currently owned by a thread:  ([mutex/lock_event])
[0x00000225d03e0d80] Heap_lock - owner thread: 0x00000225d03e3c70

Heap address: 0x0000000742000000, size: 3040 MB, Compressed Oops mode: Zero based, Oop shift amount: 3
CDS archive(s) mapped at: [0x0000000000000000-0x0000000000000000-0x0000000000000000), size 0, SharedBaseAddress: 0x0000000800000000, ArchiveRelocationMode: 0.
Narrow klass base: 0x0000000000000000, Narrow klass shift: 0, Narrow klass range: 0x0

Heap:
 garbage-first heap   total 194560K, used 0K [0x0000000742000000, 0x0000000800000000)
  region size 2048K, 0 young (0K), 0 survivors (0K)
 Metaspace       used 0K, capacity 0K, committed 0K, reserved 0K
  class space    used 0K, capacity 0K, committed 0K, reserved 0K

Heap Regions: E=young(eden), S=young(survivor), O=old, HS=humongous(starts), HC=humongous(continues), CS=collection set, F=free, OA=open archive, CA=closed archive, TAMS=top-at-mark-start (previous, next)

Card table byte_map: [0x00000225e33f0000,0x00000225e39e0000] _byte_map_base: 0x00000225df9e0000

Marking Bits (Prev, Next): (CMBitMap*) 0x00000225d042a930, (CMBitMap*) 0x00000225d042a970
 Prev Bits: [0x00000225e3fd0000, 0x00000225e6f50000)
 Next Bits: [0x00000225e6f50000, 0x00000225e9ed0000)

GC Heap History (0 events):
No events

Deoptimization events (0 events):
No events

Classes unloaded (0 events):
No events

Classes redefined (0 events):
No events

Internal exceptions (0 events):
No events

Events (1 events):
Event: 0.018 Loaded shared library C:\Users\floharris\Downloads\sts-4.8.1.RELEASE\plugins\org.eclipse.justj.openjdk.hotspot.jre.full.win32.x86_64_15.0.0.v20201014-1246\jre\bin\java.dll


Dynamic libraries:
0x00007ff781750000 - 0x00007ff78175d000 	C:\Users\floharris\Downloads\sts-4.8.1.RELEASE\plugins\org.eclipse.justj.openjdk.hotspot.jre.full.win32.x86_64_15.0.0.v20201014-1246\jre\bin\javaw.exe
0x00007ffef9e50000 - 0x00007ffefa046000 	C:\WINDOWS\SYSTEM32\ntdll.dll
0x00007ffec8160000 - 0x00007ffec8172000 	C:\Program Files\AVAST Software\Avast\aswhook.dll
0x00007ffef7ff0000 - 0x00007ffef80ad000 	C:\WINDOWS\System32\KERNEL32.DLL
0x00007ffef7ae0000 - 0x00007ffef7da8000 	C:\WINDOWS\System32\KERNELBASE.dll
0x00007ffef7db0000 - 0x00007ffef7eb0000 	C:\WINDOWS\System32\ucrtbase.dll
0x00007ffeed710000 - 0x00007ffeed728000 	C:\Users\floharris\Downloads\sts-4.8.1.RELEASE\plugins\org.eclipse.justj.openjdk.hotspot.jre.full.win32.x86_64_15.0.0.v20201014-1246\jre\bin\jli.dll
0x00007ffef8b30000 - 0x00007ffef8cd0000 	C:\WINDOWS\System32\USER32.dll
0x00007ffef7590000 - 0x00007ffef75b2000 	C:\WINDOWS\System32\win32u.dll
0x00007ffef9690000 - 0x00007ffef96ba000 	C:\WINDOWS\System32\GDI32.dll
0x00007ffef7970000 - 0x00007ffef7a79000 	C:\WINDOWS\System32\gdi32full.dll
0x00007ffef7820000 - 0x00007ffef78bd000 	C:\WINDOWS\System32\msvcp_win.dll
0x00007ffee98a0000 - 0x00007ffee98b9000 	C:\Users\floharris\Downloads\sts-4.8.1.RELEASE\plugins\org.eclipse.justj.openjdk.hotspot.jre.full.win32.x86_64_15.0.0.v20201014-1246\jre\bin\VCRUNTIME140.dll
0x00007ffee77c0000 - 0x00007ffee7a5b000 	C:\WINDOWS\WinSxS\amd64_microsoft.windows.common-controls_6595b64144ccf1df_6.0.19041.488_none_ca04af081b815d21\COMCTL32.dll
0x00007ffef9560000 - 0x00007ffef95fe000 	C:\WINDOWS\System32\msvcrt.dll
0x00007ffef8e80000 - 0x00007ffef8eb0000 	C:\WINDOWS\System32\IMM32.DLL
0x00007ffeed680000 - 0x00007ffeed68c000 	C:\Users\floharris\Downloads\sts-4.8.1.RELEASE\plugins\org.eclipse.justj.openjdk.hotspot.jre.full.win32.x86_64_15.0.0.v20201014-1246\jre\bin\vcruntime140_1.dll
0x00007ffed98e0000 - 0x00007ffed9971000 	C:\Users\floharris\Downloads\sts-4.8.1.RELEASE\plugins\org.eclipse.justj.openjdk.hotspot.jre.full.win32.x86_64_15.0.0.v20201014-1246\jre\bin\msvcp140.dll
0x00007ffe91100000 - 0x00007ffe91c5c000 	C:\Users\floharris\Downloads\sts-4.8.1.RELEASE\plugins\org.eclipse.justj.openjdk.hotspot.jre.full.win32.x86_64_15.0.0.v20201014-1246\jre\bin\server\jvm.dll
0x00007ffef90a0000 - 0x00007ffef914c000 	C:\WINDOWS\System32\ADVAPI32.dll
0x00007ffef8eb0000 - 0x00007ffef8f4b000 	C:\WINDOWS\System32\sechost.dll
0x00007ffef8920000 - 0x00007ffef8a44000 	C:\WINDOWS\System32\RPCRT4.dll
0x00007ffef7eb0000 - 0x00007ffef7eb8000 	C:\WINDOWS\System32\PSAPI.DLL
0x00007ffee70c0000 - 0x00007ffee70c9000 	C:\WINDOWS\SYSTEM32\WSOCK32.dll
0x00007ffef8f50000 - 0x00007ffef8fbb000 	C:\WINDOWS\System32\WS2_32.dll
0x00007ffee9de0000 - 0x00007ffee9e07000 	C:\WINDOWS\SYSTEM32\WINMM.dll
0x00007ffeef020000 - 0x00007ffeef02a000 	C:\WINDOWS\SYSTEM32\VERSION.dll
0x00007ffef5e70000 - 0x00007ffef5e82000 	C:\WINDOWS\SYSTEM32\kernel.appcore.dll
0x00007ffee9940000 - 0x00007ffee994a000 	C:\Users\floharris\Downloads\sts-4.8.1.RELEASE\plugins\org.eclipse.justj.openjdk.hotspot.jre.full.win32.x86_64_15.0.0.v20201014-1246\jre\bin\jimage.dll
0x00007ffef5b40000 - 0x00007ffef5d24000 	C:\WINDOWS\SYSTEM32\DBGHELP.DLL
0x00007ffeed810000 - 0x00007ffeed83c000 	C:\WINDOWS\SYSTEM32\dbgcore.DLL
0x00007ffef75c0000 - 0x00007ffef763f000 	C:\WINDOWS\System32\bcryptPrimitives.dll
0x00007ffee8da0000 - 0x00007ffee8dc5000 	C:\Users\floharris\Downloads\sts-4.8.1.RELEASE\plugins\org.eclipse.justj.openjdk.hotspot.jre.full.win32.x86_64_15.0.0.v20201014-1246\jre\bin\java.dll

dbghelp: loaded successfully - version: 4.0.5 - missing functions: none
symbol engine: initialized successfully - sym options: 0x614 - pdb path: .;C:\Users\floharris\Downloads\sts-4.8.1.RELEASE\plugins\org.eclipse.justj.openjdk.hotspot.jre.full.win32.x86_64_15.0.0.v20201014-1246\jre\bin;C:\WINDOWS\SYSTEM32;C:\Program Files\AVAST Software\Avast;C:\WINDOWS\WinSxS\amd64_microsoft.windows.common-controls_6595b64144ccf1df_6.0.19041.488_none_ca04af081b815d21;C:\Users\floharris\Downloads\sts-4.8.1.RELEASE\plugins\org.eclipse.justj.openjdk.hotspot.jre.full.win32.x86_64_15.0.0.v20201014-1246\jre\bin\server

VM Arguments:
jvm_args: -Dfile.encoding=Cp1252 -XX:+ShowCodeDetailsInExceptionMessages 
java_command: com.revature.driver.Driver
java_class_path (initial): C:\Users\floharris\Documents\workspace-spring-tool-suite-4-4.8.1.RELEASE\OmoruyiJDBCBank\target\classes;C:\Users\floharris\.m2\repository\org\apache\logging\log4j\log4j-core\2.13.3\log4j-core-2.13.3.jar;C:\Users\floharris\.m2\repository\org\apache\logging\log4j\log4j-api\2.13.3\log4j-api-2.13.3.jar;C:\Users\floharris\.m2\repository\org\postgresql\postgresql\42.2.8\postgresql-42.2.8.jar
Launcher Type: SUN_STANDARD

[Global flags]
     intx CICompilerCount                          = 3                                         {product} {ergonomic}
     uint ConcGCThreads                            = 1                                         {product} {ergonomic}
     uint G1ConcRefinementThreads                  = 4                                         {product} {ergonomic}
   size_t G1HeapRegionSize                         = 2097152                                   {product} {ergonomic}
    uintx GCDrainStackTargetSize                   = 64                                        {product} {ergonomic}
   size_t InitialHeapSize                          = 199229440                                 {product} {ergonomic}
   size_t MarkStackSize                            = 4194304                                   {product} {ergonomic}
   size_t MaxHeapSize                              = 3187671040                                {product} {ergonomic}
   size_t MinHeapDeltaBytes                        = 2097152                                   {product} {ergonomic}
   size_t MinHeapSize                              = 8388608                                   {product} {ergonomic}
    uintx NonNMethodCodeHeapSize                   = 5832780                                {pd product} {ergonomic}
    uintx NonProfiledCodeHeapSize                  = 122912730                              {pd product} {ergonomic}
    uintx ProfiledCodeHeapSize                     = 122912730                              {pd product} {ergonomic}
    uintx ReservedCodeCacheSize                    = 251658240                              {pd product} {ergonomic}
     bool SegmentedCodeCache                       = true                                      {product} {ergonomic}
     bool ShowCodeDetailsInExceptionMessages       = true                                   {manageable} {command line}
   size_t SoftMaxHeapSize                          = 3187671040                             {manageable} {ergonomic}
     bool UseCompressedClassPointers               = true                                 {lp64_product} {ergonomic}
     bool UseCompressedOops                        = true                                 {lp64_product} {ergonomic}
     bool UseG1GC                                  = true                                      {product} {ergonomic}
     bool UseLargePagesIndividualAllocation        = false                                  {pd product} {ergonomic}

Logging:
Log output configuration:
 #0: stdout all=warning uptime,level,tags
 #1: stderr all=off uptime,level,tags

Environment Variables:
JAVA_HOME=C:\Program Files\Java\jdk1.8.0_261
PATH=C:/Users/floharris/Downloads/Software/sts-4.8.1.RELEASE//plugins/org.eclipse.justj.openjdk.hotspot.jre.full.win32.x86_64_15.0.0.v20201014-1246/jre/bin/server;C:/Users/floharris/Downloads/Software/sts-4.8.1.RELEASE//plugins/org.eclipse.justj.openjdk.hotspot.jre.full.win32.x86_64_15.0.0.v20201014-1246/jre/bin;C:\Program Files (x86)\Common Files\Oracle\Java\javapath;C:\Program Files (x86)\Common Files\Intel\Shared Libraries\redist\intel64\compiler;C:\Program Files (x86)\Intel\iCLS Client\;C:\Program Files\Intel\iCLS Client\;C:\WINDOWS\system32;C:\WINDOWS;C:\WINDOWS\System32\Wbem;C:\WINDOWS\System32\WindowsPowerShell\v1.0\;C:\WINDOWS\System32\OpenSSH\;C:\Program Files (x86)\Intel\Intel(R) Management Engine Components\DAL;C:\Program Files\Intel\Intel(R) Management Engine Components\DAL;C:\Program Files (x86)\Intel\Intel(R) Management Engine Components\IPT;C:\Program Files\Intel\Intel(R) Management Engine Components\IPT;C:\Program Files\PuTTY\;C:\HashiCorp\Vagrant\bin;C:\Program Files\Cepstral\bin;C:\Program Files (x86)\Cepstral\bin;C:\Program Files\Intel\WiFi\bin\;C:\Program Files\Common Files\Intel\WirelessCommon\;C:\Program Files\Java\jdk1.8.0_261\bin;C:\Program Files\Git\cmd;C:\Users\floharris\AppData\Local\Microsoft\WindowsApps;;C:\Users\floharris\AppData\Local\Programs\Microsoft VS Code\bin;C:\Users\floharris\Downloads\Software\sts-4.8.1.RELEASE;
USERNAME=floharris
OS=Windows_NT
PROCESSOR_IDENTIFIER=Intel64 Family 6 Model 142 Stepping 9, GenuineIntel



---------------  S Y S T E M  ---------------

OS:
 Windows 10 , 64 bit Build 19041 (10.0.19041.546)
OS uptime: 0 days 11:12 hours

CPU: total 4 (initial active 4) (2 cores per cpu, 2 threads per core) family 6 model 142 stepping 9, cmov, cx8, fxsr, mmx, sse, sse2, sse3, ssse3, sse4.1, sse4.2, popcnt, vzeroupper, avx, avx2, aes, clmul, erms, 3dnowpref, lzcnt, ht, tsc, tscinvbit, bmi1, bmi2, adx, fma, clflush, clflushopt

Memory: 4k page, system-wide physical 12157M (1176M free)
TotalPageFile size 49012M (AvailPageFile size 161M)
current process WorkingSet (physical memory assigned to process): 10M, peak: 10M
current process commit charge ("private bytes"): 51M, peak: 241M

vm_info: OpenJDK 64-Bit Server VM (15+36-1562) for windows-amd64 JRE (15+36-1562), built on Aug 11 2020 22:33:04 by "mach5one" with unknown MS VC++:1925

END.
